# JRE version: OpenJDK Runtime Environment Temurin-17.0.6+10 (17.0.6+10) (build 17.0.6+10)
# Java VM: OpenJDK 64-Bit Server VM Temurin-17.0.6+10 (17.0.6+10, mixed mode, emulated-client, tiered, compressed oops, compressed class ptrs, g1 gc, windows-amd64)
GC Precious Log:
 CPUs: 8 total, 8 available
 Memory: 8052M
 Large Page Support: Disabled
 NUMA Support: Disabled
 Compressed Oops: Enabled (32-bit)
 Heap Region Size: 1M
 Heap Min Capacity: 8M
 Heap Initial Capacity: 126M
 Heap Max Capacity: 1G
 Pre-touch: Disabled
 Parallel Workers: 8
 Concurrent Workers: 2
 Concurrent Refinement Workers: 8
 Periodic GC: Disabled
Heap:
 garbage-first heap   total 221184K, used 86620K [0x00000000c0000000, 0x0000000100000000)
  region size 1024K, 9 young (9216K), 9 survivors (9216K)
 Metaspace       used 41431K, committed 41856K, reserved 1089536K
  class space    used 5227K, committed 5440K, reserved 1048576K
GC Heap History (20 events):
Event: 10.044 GC heap after
{Heap after GC invocations=14 (full 0):
 garbage-first heap   total 58368K, used 33420K [0x00000000c0000000, 0x0000000100000000)
  region size 1024K, 2 young (2048K), 2 survivors (2048K)
 Metaspace       used 37183K, committed 37632K, reserved 1081344K
  class space    used 4863K, committed 5056K, reserved 1048576K
}
Event: 10.188 GC heap before
{Heap before GC invocations=15 (full 0):
 garbage-first heap   total 70656K, used 43660K [0x00000000c0000000, 0x0000000100000000)
  region size 1024K, 13 young (13312K), 2 survivors (2048K)
 Metaspace       used 37410K, committed 37824K, reserved 1081344K
  class space    used 4889K, committed 5056K, reserved 1048576K
}
Event: 10.192 GC heap after
{Heap after GC invocations=16 (full 0):
 garbage-first heap   total 70656K, used 35263K [0x00000000c0000000, 0x0000000100000000)
  region size 1024K, 2 young (2048K), 2 survivors (2048K)
 Metaspace       used 37410K, committed 37824K, reserved 1081344K
  class space    used 4889K, committed 5056K, reserved 1048576K
}
Event: 10.210 GC heap before
{Heap before GC invocations=16 (full 0):
 garbage-first heap   total 70656K, used 36287K [0x00000000c0000000, 0x0000000100000000)
  region size 1024K, 3 young (3072K), 2 survivors (2048K)
 Metaspace       used 37476K, committed 37952K, reserved 1089536K
  class space    used 4893K, committed 5120K, reserved 1048576K
}
Event: 10.219 GC heap after
{Heap after GC invocations=17 (full 0):
 garbage-first heap   total 110592K, used 34908K [0x00000000c0000000, 0x0000000100000000)
  region size 1024K, 1 young (1024K), 1 survivors (1024K)
 Metaspace       used 37476K, committed 37952K, reserved 1089536K
  class space    used 4893K, committed 5120K, reserved 1048576K
}
Event: 10.509 GC heap before
{Heap before GC invocations=17 (full 0):
 garbage-first heap   total 110592K, used 79964K [0x00000000c0000000, 0x0000000100000000)
  region size 1024K, 45 young (46080K), 1 survivors (1024K)
 Metaspace       used 37964K, committed 38336K, reserved 1089536K
  class space    used 4937K, committed 5120K, reserved 1048576K
}
Event: 10.517 GC heap after
{Heap after GC invocations=18 (full 0):
 garbage-first heap   total 110592K, used 45465K [0x00000000c0000000, 0x0000000100000000)
  region size 1024K, 6 young (6144K), 6 survivors (6144K)
 Metaspace       used 37964K, committed 38336K, reserved 1089536K
  class space    used 4937K, committed 5120K, reserved 1048576K
}
Event: 10.788 GC heap before
{Heap before GC invocations=18 (full 0):
 garbage-first heap   total 110592K, used 75161K [0x00000000c0000000, 0x0000000100000000)
  region size 1024K, 36 young (36864K), 6 survivors (6144K)
 Metaspace       used 39370K, committed 39744K, reserved 1089536K
  class space    used 5042K, committed 5184K, reserved 1048576K
}
Event: 10.796 GC heap after
{Heap after GC invocations=19 (full 0):
 garbage-first heap   total 110592K, used 51256K [0x00000000c0000000, 0x0000000100000000)
  region size 1024K, 5 young (5120K), 5 survivors (5120K)
 Metaspace       used 39370K, committed 39744K, reserved 1089536K
  class space    used 5042K, committed 5184K, reserved 1048576K
}
Event: 10.949 GC heap before
{Heap before GC invocations=19 (full 0):
 garbage-first heap   total 110592K, used 80952K [0x00000000c0000000, 0x0000000100000000)
  region size 1024K, 33 young (33792K), 5 survivors (5120K)
 Metaspace       used 39743K, committed 40128K, reserved 1089536K
  class space    used 5105K, committed 5248K, reserved 1048576K
}
Event: 10.958 GC heap after
{Heap after GC invocations=20 (full 0):
 garbage-first heap   total 110592K, used 66028K [0x00000000c0000000, 0x0000000100000000)
  region size 1024K, 5 young (5120K), 5 survivors (5120K)
 Metaspace       used 39743K, committed 40128K, reserved 1089536K
  class space    used 5105K, committed 5248K, reserved 1048576K
}
Event: 10.972 GC heap before
{Heap before GC invocations=20 (full 0):
 garbage-first heap   total 110592K, used 69100K [0x00000000c0000000, 0x0000000100000000)
  region size 1024K, 10 young (10240K), 5 survivors (5120K)
 Metaspace       used 39912K, committed 40384K, reserved 1089536K
  class space    used 5119K, committed 5312K, reserved 1048576K
}
Event: 10.977 GC heap after
{Heap after GC invocations=21 (full 0):
 garbage-first heap   total 221184K, used 70124K [0x00000000c0000000, 0x0000000100000000)
  region size 1024K, 3 young (3072K), 3 survivors (3072K)
 Metaspace       used 39912K, committed 40384K, reserved 1089536K
  class space    used 5119K, committed 5312K, reserved 1048576K
}
Event: 11.070 GC heap before
{Heap before GC invocations=21 (full 0):
 garbage-first heap   total 221184K, used 136684K [0x00000000c0000000, 0x0000000100000000)
  region size 1024K, 68 young (69632K), 3 survivors (3072K)
 Metaspace       used 40692K, committed 41088K, reserved 1089536K
  class space    used 5175K, committed 5376K, reserved 1048576K
}
Event: 11.093 GC heap after
{Heap after GC invocations=22 (full 0):
 garbage-first heap   total 221184K, used 78316K [0x00000000c0000000, 0x0000000100000000)
  region size 1024K, 9 young (9216K), 9 survivors (9216K)
 Metaspace       used 40692K, committed 41088K, reserved 1089536K
  class space    used 5175K, committed 5376K, reserved 1048576K
}
Event: 11.131 GC heap before
{Heap before GC invocations=22 (full 0):
 garbage-first heap   total 221184K, used 141804K [0x00000000c0000000, 0x0000000100000000)
  region size 1024K, 72 young (73728K), 9 survivors (9216K)
 Metaspace       used 40981K, committed 41472K, reserved 1089536K
  class space    used 5199K, committed 5440K, reserved 1048576K
}
Event: 11.144 GC heap after
{Heap after GC invocations=23 (full 0):
 garbage-first heap   total 221184K, used 81385K [0x00000000c0000000, 0x0000000100000000)
  region size 1024K, 4 young (4096K), 4 survivors (4096K)
 Metaspace       used 40981K, committed 41472K, reserved 1089536K
  class space    used 5199K, committed 5440K, reserved 1048576K
}
Event: 11.172 GC heap before
{Heap before GC invocations=23 (full 0):
 garbage-first heap   total 221184K, used 148969K [0x00000000c0000000, 0x0000000100000000)
  region size 1024K, 71 young (72704K), 4 survivors (4096K)
 Metaspace       used 41151K, committed 41600K, reserved 1089536K
  class space    used 5214K, committed 5440K, reserved 1048576K
}
Event: 11.175 GC heap after
{Heap after GC invocations=24 (full 0):
 garbage-first heap   total 221184K, used 83639K [0x00000000c0000000, 0x0000000100000000)
  region size 1024K, 6 young (6144K), 6 survivors (6144K)
 Metaspace       used 41151K, committed 41600K, reserved 1089536K
  class space    used 5214K, committed 5440K, reserved 1048576K
}
Event: 11.232 GC heap before
{Heap before GC invocations=24 (full 0):
 garbage-first heap   total 221184K, used 160439K [0x00000000c0000000, 0x0000000100000000)
  region size 1024K, 82 young (83968K), 6 survivors (6144K)
 Metaspace       used 41431K, committed 41856K, reserved 1089536K
  class space    used 5227K, committed 5440K, reserved 1048576K
}

